{
  "stats": {
    "suites": 1,
    "tests": 1,
    "passes": 1,
    "pending": 0,
    "failures": 0,
    "testsRegistered": 1,
    "passPercent": 100,
    "pendingPercent": 0,
    "other": 0,
    "hasOther": false,
    "skipped": 0,
    "hasSkipped": false,
    "start": "2023-04-25T14:20:32.173Z",
    "end": "2023-04-25T14:20:33.053Z",
    "duration": 880
  },
  "results": [
    {
      "uuid": "700beace-64ea-490a-bdd9-29607cc58cec",
      "title": "",
      "fullFile": "cypress\\e2e\\TestOne.cy.js",
      "file": "cypress\\e2e\\TestOne.cy.js",
      "beforeHooks": [],
      "afterHooks": [],
      "tests": [],
      "suites": [
        {
          "uuid": "f5a193a6-9b06-4c84-913b-daf9adb18960",
          "title": "template spec",
          "fullFile": "",
          "file": "",
          "beforeHooks": [],
          "afterHooks": [],
          "tests": [
            {
              "title": "passes",
              "fullTitle": "template spec passes",
              "timedOut": null,
              "duration": 865,
              "state": "passed",
              "speed": "fast",
              "pass": true,
              "fail": false,
              "pending": false,
              "context": null,
              "code": "cy.visit('../../page/HtmlPage.html');\n_HtmlPage.default.selectCheckBox('1');\n_HtmlPage.default.selectRadioBox('3');\n_HtmlPage.default.typeInTextbox('Text');\n_HtmlPage.default.selectRadioBox('3');\n_HtmlPage.default.selectCheckBox('2');\n_HtmlPage.default.selectCheckBox('3');\n_HtmlPage.default.selectCheckBox('1');",
              "err": {},
              "uuid": "b377e4c9-3115-4b86-addb-d3b31a07c619",
              "parentUUID": "f5a193a6-9b06-4c84-913b-daf9adb18960",
              "isHook": false,
              "skipped": false
            }
          ],
          "suites": [],
          "passes": [
            "b377e4c9-3115-4b86-addb-d3b31a07c619"
          ],
          "failures": [],
          "pending": [],
          "skipped": [],
          "duration": 865,
          "root": false,
          "rootEmpty": false,
          "_timeout": 2000
        }
      ],
      "passes": [],
      "failures": [],
      "pending": [],
      "skipped": [],
      "duration": 0,
      "root": true,
      "rootEmpty": true,
      "_timeout": 2000
    }
  ],
  "meta": {
    "mocha": {
      "version": "7.0.1"
    },
    "mochawesome": {
      "options": {
        "quiet": false,
        "reportFilename": "mochawesome",
        "saveHtml": false,
        "saveJson": true,
        "consoleReporter": "spec",
        "useInlineDiffs": false,
        "code": true
      },
      "version": "7.1.3"
    },
    "marge": {
      "options": {
        "reportDir": "cypress/reports",
        "overwrite": false,
        "html": false,
        "json": true
      },
      "version": "6.2.0"
    }
  }
}