{
  "stats": {
    "suites": 2,
    "tests": 2,
    "passes": 1,
    "pending": 0,
    "failures": 1,
    "testsRegistered": 2,
    "passPercent": 50,
    "pendingPercent": 0,
    "other": 0,
    "hasOther": false,
    "skipped": 0,
    "hasSkipped": false,
    "start": "2023-04-20T20:21:48.265Z",
    "end": "2023-04-20T20:21:53.470Z",
    "duration": 5205
  },
  "results": [
    {
      "uuid": "65633f7a-0b07-49ce-8101-3ab38b0adaf2",
      "title": "",
      "fullFile": "cypress\\e2e\\Test1.cy.js",
      "file": "cypress\\e2e\\Test1.cy.js",
      "beforeHooks": [],
      "afterHooks": [],
      "tests": [],
      "suites": [
        {
          "uuid": "2ceda8a0-64cc-4736-8e59-bcc2e833d636",
          "title": "template spec",
          "fullFile": "",
          "file": "",
          "beforeHooks": [],
          "afterHooks": [],
          "tests": [
            {
              "title": "passes",
              "fullTitle": "template spec passes",
              "timedOut": null,
              "duration": 283,
              "state": "failed",
              "speed": null,
              "pass": false,
              "fail": true,
              "pending": false,
              "context": null,
              "code": "cy.visit('../../page/HtmlPage.html');\n_HtmlPObj.default.selectCheckBox(12312312);\n_HtmlPObj.default.selectRadioBox(123);\n_HtmlPObj.default.typeInTextbox('12');\n_HtmlPObj.default.selectRadioBox(123);\n_HtmlPObj.default.selectCheckBox(213);\n_HtmlPObj.default.selectCheckBox(123);\n_HtmlPObj.default.selectCheckBox(123);\ncy.wait(2000);",
              "err": {
                "message": "CypressError: `cy.click()` failed because it requires a DOM element.\n\nThe subject received was:\n\n  > `undefined`\n\nThe previous command that ran was:\n\n  > `cy.wrap()`",
                "estack": "CypressError: `cy.click()` failed because it requires a DOM element.\n\nThe subject received was:\n\n  > `undefined`\n\nThe previous command that ran was:\n\n  > `cy.wrap()`\n    at isElement (http://localhost:56495/__cypress/runner/cypress_runner.js:151863:66)\n    at validateType (http://localhost:56495/__cypress/runner/cypress_runner.js:151712:14)\n    at Object.isType (http://localhost:56495/__cypress/runner/cypress_runner.js:151743:7)\n    at $Cy.pushSubject (http://localhost:56495/__cypress/runner/cypress_runner.js:151451:22)\n    at wrapped (http://localhost:56495/__cypress/runner/cypress_runner.js:151037:19)\nFrom Your Spec Code:\n    at Context.eval (webpack:///./cypress/PageObj/HtmlPObj.js:10:44)",
                "diff": null
              },
              "uuid": "dcc0d2b9-9601-4dab-9941-c1c93034386a",
              "parentUUID": "2ceda8a0-64cc-4736-8e59-bcc2e833d636",
              "isHook": false,
              "skipped": false
            }
          ],
          "suites": [],
          "passes": [],
          "failures": [
            "dcc0d2b9-9601-4dab-9941-c1c93034386a"
          ],
          "pending": [],
          "skipped": [],
          "duration": 283,
          "root": false,
          "rootEmpty": false,
          "_timeout": 2000
        }
      ],
      "passes": [],
      "failures": [],
      "pending": [],
      "skipped": [],
      "duration": 0,
      "root": true,
      "rootEmpty": true,
      "_timeout": 2000
    },
    {
      "uuid": "f89a44a5-7ffb-433a-9903-247532f4147e",
      "title": "",
      "fullFile": "cypress\\e2e\\123.cy.js",
      "file": "cypress\\e2e\\123.cy.js",
      "beforeHooks": [],
      "afterHooks": [],
      "tests": [],
      "suites": [
        {
          "uuid": "2ce8f2a0-6ef9-43e7-8470-1a3aeb21a3a8",
          "title": "template spec",
          "fullFile": "",
          "file": "",
          "beforeHooks": [],
          "afterHooks": [],
          "tests": [
            {
              "title": "passes",
              "fullTitle": "template spec passes",
              "timedOut": null,
              "duration": 3964,
              "state": "passed",
              "speed": "fast",
              "pass": true,
              "fail": false,
              "pending": false,
              "context": null,
              "code": "cy.visit('../../page/HtmlPage.html');\n_HtmlPObj.default.selectCheckBox(1);\n_HtmlPObj.default.selectRadioBox(3);\n_HtmlPObj.default.typeInTextbox('23123123123123123123123123111111222222222222222222222222222222222222222222222222222222222222222223');\n_HtmlPObj.default.selectRadioBox(1);\n_HtmlPObj.default.selectCheckBox(2);\n_HtmlPObj.default.selectCheckBox(3);\n_HtmlPObj.default.selectCheckBox(4);\ncy.wait(2000);",
              "err": {},
              "uuid": "b34e6fd8-7342-49d1-a3e7-a7a00c15520b",
              "parentUUID": "2ce8f2a0-6ef9-43e7-8470-1a3aeb21a3a8",
              "isHook": false,
              "skipped": false
            }
          ],
          "suites": [],
          "passes": [
            "b34e6fd8-7342-49d1-a3e7-a7a00c15520b"
          ],
          "failures": [],
          "pending": [],
          "skipped": [],
          "duration": 3964,
          "root": false,
          "rootEmpty": false,
          "_timeout": 2000
        }
      ],
      "passes": [],
      "failures": [],
      "pending": [],
      "skipped": [],
      "duration": 0,
      "root": true,
      "rootEmpty": true,
      "_timeout": 2000
    }
  ],
  "meta": {
    "mocha": {
      "version": "7.0.1"
    },
    "mochawesome": {
      "options": {
        "quiet": false,
        "reportFilename": "mochawesome",
        "saveHtml": false,
        "saveJson": true,
        "consoleReporter": "spec",
        "useInlineDiffs": false,
        "code": true
      },
      "version": "7.1.3"
    },
    "marge": {
      "options": {
        "reportDir": "cypress/reports",
        "overwrite": false,
        "html": false,
        "json": true
      },
      "version": "6.2.0"
    }
  }
}