{
  "stats": {
    "suites": 1,
    "tests": 1,
    "passes": 1,
    "pending": 0,
    "failures": 0,
    "testsRegistered": 1,
    "passPercent": 100,
    "pendingPercent": 0,
    "other": 0,
    "hasOther": false,
    "skipped": 0,
    "hasSkipped": false,
    "start": "2023-04-20T20:14:07.653Z",
    "end": "2023-04-20T20:14:10.261Z",
    "duration": 2608
  },
  "results": [
    {
      "uuid": "881f8f26-27fc-4bf6-b64b-d32365d9c310",
      "title": "",
      "fullFile": "cypress\\e2e\\Test1.cy.js",
      "file": "cypress\\e2e\\Test1.cy.js",
      "beforeHooks": [],
      "afterHooks": [],
      "tests": [],
      "suites": [
        {
          "uuid": "5a9c7a8a-1abe-40b5-9837-f89c00aa8684",
          "title": "template spec",
          "fullFile": "",
          "file": "",
          "beforeHooks": [],
          "afterHooks": [],
          "tests": [
            {
              "title": "passes",
              "fullTitle": "template spec passes",
              "timedOut": null,
              "duration": 2582,
              "state": "passed",
              "speed": "fast",
              "pass": true,
              "fail": false,
              "pending": false,
              "context": null,
              "code": "cy.visit('../../page/HtmlPage.html');\n_HtmlPObj.default.selectCheckBox(1);\n_HtmlPObj.default.selectRadioBox(2);\n_HtmlPObj.default.typeInTextbox('Text Box One');\ncy.wait(2000);",
              "err": {},
              "uuid": "95ca1b57-bc9c-41b0-863f-1cf0267b322b",
              "parentUUID": "5a9c7a8a-1abe-40b5-9837-f89c00aa8684",
              "isHook": false,
              "skipped": false
            }
          ],
          "suites": [],
          "passes": [
            "95ca1b57-bc9c-41b0-863f-1cf0267b322b"
          ],
          "failures": [],
          "pending": [],
          "skipped": [],
          "duration": 2582,
          "root": false,
          "rootEmpty": false,
          "_timeout": 2000
        }
      ],
      "passes": [],
      "failures": [],
      "pending": [],
      "skipped": [],
      "duration": 0,
      "root": true,
      "rootEmpty": true,
      "_timeout": 2000
    }
  ],
  "meta": {
    "mocha": {
      "version": "7.0.1"
    },
    "mochawesome": {
      "options": {
        "quiet": false,
        "reportFilename": "mochawesome",
        "saveHtml": false,
        "saveJson": true,
        "consoleReporter": "spec",
        "useInlineDiffs": false,
        "code": true
      },
      "version": "7.1.3"
    },
    "marge": {
      "options": {
        "reportDir": "cypress/reports",
        "overwrite": false,
        "html": false,
        "json": true
      },
      "version": "6.2.0"
    }
  }
}