{
  "stats": {
    "suites": 1,
    "tests": 1,
    "passes": 1,
    "pending": 0,
    "failures": 0,
    "start": "2023-04-16T19:53:03.769Z",
    "end": "2023-04-16T19:53:04.271Z",
    "duration": 502,
    "testsRegistered": 1,
    "passPercent": 100,
    "pendingPercent": 0,
    "other": 0,
    "hasOther": false,
    "skipped": 0,
    "hasSkipped": false
  },
  "results": [
    {
      "uuid": "30fbb3bd-1fe7-4349-9969-d9a006e35f3a",
      "title": "",
      "fullFile": "cypress\\e2e\\Html.cy.js",
      "file": "cypress\\e2e\\Html.cy.js",
      "beforeHooks": [],
      "afterHooks": [],
      "tests": [],
      "suites": [
        {
          "uuid": "142c90b0-9411-4ad8-827c-2b330a0d3bb6",
          "title": "template spec",
          "fullFile": "",
          "file": "",
          "beforeHooks": [],
          "afterHooks": [],
          "tests": [
            {
              "title": "passes",
              "fullTitle": "template spec passes",
              "timedOut": null,
              "duration": 488,
              "state": "passed",
              "speed": "fast",
              "pass": true,
              "fail": false,
              "pending": false,
              "context": null,
              "code": "cy.visit('../../page/siteHtml.html');\n_HtmlPObj.default.selectCheckBox(1); //min 1 max 5 (automat -1 in array)\n_HtmlPObj.default.selectRadioBox(2); //min 1 max 5 (automat -1 in array)\n_HtmlPObj.default.typeInTextbox('Test'); //input string",
              "err": {},
              "uuid": "811478aa-6c81-41d5-a851-8bb2bb483005",
              "parentUUID": "142c90b0-9411-4ad8-827c-2b330a0d3bb6",
              "isHook": false,
              "skipped": false
            }
          ],
          "suites": [],
          "passes": [
            "811478aa-6c81-41d5-a851-8bb2bb483005"
          ],
          "failures": [],
          "pending": [],
          "skipped": [],
          "duration": 488,
          "root": false,
          "rootEmpty": false,
          "_timeout": 2000
        }
      ],
      "passes": [],
      "failures": [],
      "pending": [],
      "skipped": [],
      "duration": 0,
      "root": true,
      "rootEmpty": true,
      "_timeout": 2000
    }
  ],
  "meta": {
    "mocha": {
      "version": "7.0.1"
    },
    "mochawesome": {
      "options": {
        "quiet": false,
        "reportFilename": "mochawesome",
        "saveHtml": false,
        "saveJson": true,
        "consoleReporter": "spec",
        "useInlineDiffs": false,
        "code": true
      },
      "version": "7.1.3"
    },
    "marge": {
      "options": {
        "reportDir": "cypress/reports",
        "overwrite": false,
        "html": false,
        "json": true
      },
      "version": "6.2.0"
    }
  }
}