{
  "stats": {
    "suites": 1,
    "tests": 1,
    "passes": 1,
    "pending": 0,
    "failures": 0,
    "start": "2023-04-16T19:53:08.667Z",
    "end": "2023-04-16T19:53:11.245Z",
    "duration": 2578,
    "testsRegistered": 1,
    "passPercent": 100,
    "pendingPercent": 0,
    "other": 0,
    "hasOther": false,
    "skipped": 0,
    "hasSkipped": false
  },
  "results": [
    {
      "uuid": "83e22627-cb60-4d50-9f8b-5ea1d3bec8f6",
      "title": "",
      "fullFile": "cypress\\e2e\\Test.cy.js",
      "file": "cypress\\e2e\\Test.cy.js",
      "beforeHooks": [],
      "afterHooks": [],
      "tests": [],
      "suites": [
        {
          "uuid": "d86b1bed-dd5f-4bbc-bfe7-42ae9076e0a6",
          "title": "template spec",
          "fullFile": "",
          "file": "",
          "beforeHooks": [],
          "afterHooks": [],
          "tests": [
            {
              "title": "passes",
              "fullTitle": "template spec passes",
              "timedOut": null,
              "duration": 2564,
              "state": "passed",
              "speed": "fast",
              "pass": true,
              "fail": false,
              "pending": false,
              "context": null,
              "code": "cy.visit('../../page/siteHtml.html');\n_HtmlPObj.default.selectCheckBox(1);\n_HtmlPObj.default.selectRadioBox(2);\n_HtmlPObj.default.selectCheckBox(3);\n_HtmlPObj.default.typeInTextbox(4);\ncy.wait(2000);",
              "err": {},
              "uuid": "20322f13-8f4d-42a7-8911-8f7419abb6ab",
              "parentUUID": "d86b1bed-dd5f-4bbc-bfe7-42ae9076e0a6",
              "isHook": false,
              "skipped": false
            }
          ],
          "suites": [],
          "passes": [
            "20322f13-8f4d-42a7-8911-8f7419abb6ab"
          ],
          "failures": [],
          "pending": [],
          "skipped": [],
          "duration": 2564,
          "root": false,
          "rootEmpty": false,
          "_timeout": 2000
        }
      ],
      "passes": [],
      "failures": [],
      "pending": [],
      "skipped": [],
      "duration": 0,
      "root": true,
      "rootEmpty": true,
      "_timeout": 2000
    }
  ],
  "meta": {
    "mocha": {
      "version": "7.0.1"
    },
    "mochawesome": {
      "options": {
        "quiet": false,
        "reportFilename": "mochawesome",
        "saveHtml": false,
        "saveJson": true,
        "consoleReporter": "spec",
        "useInlineDiffs": false,
        "code": true
      },
      "version": "7.1.3"
    },
    "marge": {
      "options": {
        "reportDir": "cypress/reports",
        "overwrite": false,
        "html": false,
        "json": true
      },
      "version": "6.2.0"
    }
  }
}