{
  "stats": {
    "suites": 1,
    "tests": 1,
    "passes": 1,
    "pending": 0,
    "failures": 0,
    "start": "2023-04-16T13:28:17.292Z",
    "end": "2023-04-16T13:28:17.810Z",
    "duration": 518,
    "testsRegistered": 1,
    "passPercent": 100,
    "pendingPercent": 0,
    "other": 0,
    "hasOther": false,
    "skipped": 0,
    "hasSkipped": false
  },
  "results": [
    {
      "uuid": "7a88bfad-f0e8-4086-880f-5e9520883237",
      "title": "",
      "fullFile": "cypress\\e2e\\Html.cy.js",
      "file": "cypress\\e2e\\Html.cy.js",
      "beforeHooks": [],
      "afterHooks": [],
      "tests": [],
      "suites": [
        {
          "uuid": "cfe300c5-ef31-4260-8479-5dfb8159f7c4",
          "title": "template spec",
          "fullFile": "",
          "file": "",
          "beforeHooks": [],
          "afterHooks": [],
          "tests": [
            {
              "title": "passes",
              "fullTitle": "template spec passes",
              "timedOut": null,
              "duration": 503,
              "state": "passed",
              "speed": "fast",
              "pass": true,
              "fail": false,
              "pending": false,
              "context": null,
              "code": "cy.visit('../../page/siteHtml.html');\n_HtmlPObj.default.selectCheckBox(1); //min 1 max 5 (automat -1 in array)\n_HtmlPObj.default.selectRadioBox(2); //min 1 max 5 (automat -1 in array)\n_HtmlPObj.default.typeInTextbox('Test'); //input string",
              "err": {},
              "uuid": "113fe5a1-1692-4483-b249-68897d66e9b1",
              "parentUUID": "cfe300c5-ef31-4260-8479-5dfb8159f7c4",
              "isHook": false,
              "skipped": false
            }
          ],
          "suites": [],
          "passes": [
            "113fe5a1-1692-4483-b249-68897d66e9b1"
          ],
          "failures": [],
          "pending": [],
          "skipped": [],
          "duration": 503,
          "root": false,
          "rootEmpty": false,
          "_timeout": 2000
        }
      ],
      "passes": [],
      "failures": [],
      "pending": [],
      "skipped": [],
      "duration": 0,
      "root": true,
      "rootEmpty": true,
      "_timeout": 2000
    }
  ],
  "meta": {
    "mocha": {
      "version": "7.0.1"
    },
    "mochawesome": {
      "options": {
        "quiet": false,
        "reportFilename": "mochawesome",
        "saveHtml": false,
        "saveJson": true,
        "consoleReporter": "spec",
        "useInlineDiffs": false,
        "code": true
      },
      "version": "7.1.3"
    },
    "marge": {
      "options": {
        "reportDir": "cypress/reports",
        "overwrite": false,
        "html": false,
        "json": true
      },
      "version": "6.2.0"
    }
  }
}