{
  "stats": {
    "suites": 1,
    "tests": 1,
    "passes": 1,
    "pending": 0,
    "failures": 0,
    "start": "2023-04-16T19:53:05.151Z",
    "end": "2023-04-16T19:53:07.693Z",
    "duration": 2542,
    "testsRegistered": 1,
    "passPercent": 100,
    "pendingPercent": 0,
    "other": 0,
    "hasOther": false,
    "skipped": 0,
    "hasSkipped": false
  },
  "results": [
    {
      "uuid": "7d4c9044-4511-4e76-baeb-d73d0858eb9a",
      "title": "",
      "fullFile": "cypress\\e2e\\Pass.cy.js",
      "file": "cypress\\e2e\\Pass.cy.js",
      "beforeHooks": [],
      "afterHooks": [],
      "tests": [],
      "suites": [
        {
          "uuid": "61d15327-94d7-498d-b4f2-7e724e201d00",
          "title": "template spec",
          "fullFile": "",
          "file": "",
          "beforeHooks": [],
          "afterHooks": [],
          "tests": [
            {
              "title": "passes",
              "fullTitle": "template spec passes",
              "timedOut": null,
              "duration": 2524,
              "state": "passed",
              "speed": "fast",
              "pass": true,
              "fail": false,
              "pending": false,
              "context": null,
              "code": "cy.visit('../../page/siteHtml.html');\n_HtmlPObj.default.selectCheckBox(1);\n_HtmlPObj.default.selectRadioBox(2);\n_HtmlPObj.default.selectCheckBox(3);\n_HtmlPObj.default.typeInTextbox('4');\ncy.wait(2000);",
              "err": {},
              "uuid": "b613ca8e-cc54-491d-b07e-511359919601",
              "parentUUID": "61d15327-94d7-498d-b4f2-7e724e201d00",
              "isHook": false,
              "skipped": false
            }
          ],
          "suites": [],
          "passes": [
            "b613ca8e-cc54-491d-b07e-511359919601"
          ],
          "failures": [],
          "pending": [],
          "skipped": [],
          "duration": 2524,
          "root": false,
          "rootEmpty": false,
          "_timeout": 2000
        }
      ],
      "passes": [],
      "failures": [],
      "pending": [],
      "skipped": [],
      "duration": 0,
      "root": true,
      "rootEmpty": true,
      "_timeout": 2000
    }
  ],
  "meta": {
    "mocha": {
      "version": "7.0.1"
    },
    "mochawesome": {
      "options": {
        "quiet": false,
        "reportFilename": "mochawesome",
        "saveHtml": false,
        "saveJson": true,
        "consoleReporter": "spec",
        "useInlineDiffs": false,
        "code": true
      },
      "version": "7.1.3"
    },
    "marge": {
      "options": {
        "reportDir": "cypress/reports",
        "overwrite": false,
        "html": false,
        "json": true
      },
      "version": "6.2.0"
    }
  }
}