{
  "stats": {
    "suites": 1,
    "tests": 1,
    "passes": 1,
    "pending": 0,
    "failures": 0,
    "start": "2023-04-16T19:53:12.138Z",
    "end": "2023-04-16T19:53:14.818Z",
    "duration": 2680,
    "testsRegistered": 1,
    "passPercent": 100,
    "pendingPercent": 0,
    "other": 0,
    "hasOther": false,
    "skipped": 0,
    "hasSkipped": false
  },
  "results": [
    {
      "uuid": "f57f41a7-5220-4442-9301-5feef5a7c477",
      "title": "",
      "fullFile": "cypress\\e2e\\Testunu.cy.js",
      "file": "cypress\\e2e\\Testunu.cy.js",
      "beforeHooks": [],
      "afterHooks": [],
      "tests": [],
      "suites": [
        {
          "uuid": "18a68132-0791-4312-bfea-2e751e3e7273",
          "title": "template spec",
          "fullFile": "",
          "file": "",
          "beforeHooks": [],
          "afterHooks": [],
          "tests": [
            {
              "title": "passes",
              "fullTitle": "template spec passes",
              "timedOut": null,
              "duration": 2666,
              "state": "passed",
              "speed": "fast",
              "pass": true,
              "fail": false,
              "pending": false,
              "context": null,
              "code": "cy.visit('../../page/siteHtml.html');\n_HtmlPObj.default.selectCheckBox(2);\n_HtmlPObj.default.selectRadioBox(2);\n_HtmlPObj.default.selectCheckBox(4);\n_HtmlPObj.default.typeInTextbox('123123sfdas');\ncy.wait(2000);",
              "err": {},
              "uuid": "de11c39d-e25a-41f8-bf72-cad9142206bd",
              "parentUUID": "18a68132-0791-4312-bfea-2e751e3e7273",
              "isHook": false,
              "skipped": false
            }
          ],
          "suites": [],
          "passes": [
            "de11c39d-e25a-41f8-bf72-cad9142206bd"
          ],
          "failures": [],
          "pending": [],
          "skipped": [],
          "duration": 2666,
          "root": false,
          "rootEmpty": false,
          "_timeout": 2000
        }
      ],
      "passes": [],
      "failures": [],
      "pending": [],
      "skipped": [],
      "duration": 0,
      "root": true,
      "rootEmpty": true,
      "_timeout": 2000
    }
  ],
  "meta": {
    "mocha": {
      "version": "7.0.1"
    },
    "mochawesome": {
      "options": {
        "quiet": false,
        "reportFilename": "mochawesome",
        "saveHtml": false,
        "saveJson": true,
        "consoleReporter": "spec",
        "useInlineDiffs": false,
        "code": true
      },
      "version": "7.1.3"
    },
    "marge": {
      "options": {
        "reportDir": "cypress/reports",
        "overwrite": false,
        "html": false,
        "json": true
      },
      "version": "6.2.0"
    }
  }
}