{
  "stats": {
    "suites": 1,
    "tests": 1,
    "passes": 1,
    "pending": 0,
    "failures": 0,
    "start": "2023-04-20T20:21:48.265Z",
    "end": "2023-04-20T20:21:52.258Z",
    "duration": 3993,
    "testsRegistered": 1,
    "passPercent": 100,
    "pendingPercent": 0,
    "other": 0,
    "hasOther": false,
    "skipped": 0,
    "hasSkipped": false
  },
  "results": [
    {
      "uuid": "f89a44a5-7ffb-433a-9903-247532f4147e",
      "title": "",
      "fullFile": "cypress\\e2e\\123.cy.js",
      "file": "cypress\\e2e\\123.cy.js",
      "beforeHooks": [],
      "afterHooks": [],
      "tests": [],
      "suites": [
        {
          "uuid": "2ce8f2a0-6ef9-43e7-8470-1a3aeb21a3a8",
          "title": "template spec",
          "fullFile": "",
          "file": "",
          "beforeHooks": [],
          "afterHooks": [],
          "tests": [
            {
              "title": "passes",
              "fullTitle": "template spec passes",
              "timedOut": null,
              "duration": 3964,
              "state": "passed",
              "speed": "fast",
              "pass": true,
              "fail": false,
              "pending": false,
              "context": null,
              "code": "cy.visit('../../page/HtmlPage.html');\n_HtmlPObj.default.selectCheckBox(1);\n_HtmlPObj.default.selectRadioBox(3);\n_HtmlPObj.default.typeInTextbox('23123123123123123123123123111111222222222222222222222222222222222222222222222222222222222222222223');\n_HtmlPObj.default.selectRadioBox(1);\n_HtmlPObj.default.selectCheckBox(2);\n_HtmlPObj.default.selectCheckBox(3);\n_HtmlPObj.default.selectCheckBox(4);\ncy.wait(2000);",
              "err": {},
              "uuid": "b34e6fd8-7342-49d1-a3e7-a7a00c15520b",
              "parentUUID": "2ce8f2a0-6ef9-43e7-8470-1a3aeb21a3a8",
              "isHook": false,
              "skipped": false
            }
          ],
          "suites": [],
          "passes": [
            "b34e6fd8-7342-49d1-a3e7-a7a00c15520b"
          ],
          "failures": [],
          "pending": [],
          "skipped": [],
          "duration": 3964,
          "root": false,
          "rootEmpty": false,
          "_timeout": 2000
        }
      ],
      "passes": [],
      "failures": [],
      "pending": [],
      "skipped": [],
      "duration": 0,
      "root": true,
      "rootEmpty": true,
      "_timeout": 2000
    }
  ],
  "meta": {
    "mocha": {
      "version": "7.0.1"
    },
    "mochawesome": {
      "options": {
        "quiet": false,
        "reportFilename": "mochawesome",
        "saveHtml": false,
        "saveJson": true,
        "consoleReporter": "spec",
        "useInlineDiffs": false,
        "code": true
      },
      "version": "7.1.3"
    },
    "marge": {
      "options": {
        "reportDir": "cypress/reports",
        "overwrite": false,
        "html": false,
        "json": true
      },
      "version": "6.2.0"
    }
  }
}